# JRE version: Java(TM) SE Runtime Environment (7.0_51-b13) (build 1.7.0_51-b13)
# Java VM: Java HotSpot(TM) 64-Bit Server VM (24.51-b03 mixed mode linux-amd64 compressed oops)
Heap
 PSYoungGen      total 31744K, used 22526K [0x00000007ac800000, 0x00000007aeb00000, 0x0000000800000000)
  eden space 31232K, 71% used [0x00000007ac800000,0x00000007addcfa70,0x00000007ae680000)
  from space 512K, 37% used [0x00000007aea80000,0x00000007aeab0000,0x00000007aeb00000)
  to   space 512K, 0% used [0x00000007aea00000,0x00000007aea00000,0x00000007aea80000)
 ParOldGen       total 171008K, used 6973K [0x0000000705800000, 0x000000070ff00000, 0x00000007ac800000)
  object space 171008K, 4% used [0x0000000705800000,0x0000000705ecf468,0x000000070ff00000)
 PSPermGen       total 21504K, used 13984K [0x0000000700600000, 0x0000000701b00000, 0x0000000705800000)
  object space 21504K, 65% used [0x0000000700600000,0x00000007013a82c0,0x0000000701b00000)
GC Heap History (10 events):
Event: 581.482 GC heap before
{Heap before GC invocations=74 (full 0):
 PSYoungGen      total 32256K, used 31360K [0x00000007ac800000, 0x00000007aec80000, 0x0000000800000000)
  eden space 31232K, 100% used [0x00000007ac800000,0x00000007ae680000,0x00000007ae680000)
  from space 1024K, 12% used [0x00000007aea80000,0x00000007aeaa0000,0x00000007aeb80000)
  to   space 1024K, 0% used [0x00000007aeb80000,0x00000007aeb80000,0x00000007aec80000)
 ParOldGen       total 171008K, used 6781K [0x0000000705800000, 0x000000070ff00000, 0x00000007ac800000)
  object space 171008K, 3% used [0x0000000705800000,0x0000000705e9f448,0x000000070ff00000)
 PSPermGen       total 21504K, used 13980K [0x0000000700600000, 0x0000000701b00000, 0x0000000705800000)
  object space 21504K, 65% used [0x0000000700600000,0x00000007013a7300,0x0000000701b00000)
Event: 581.484 GC heap after
Heap after GC invocations=74 (full 0):
 PSYoungGen      total 31744K, used 160K [0x00000007ac800000, 0x00000007aec00000, 0x0000000800000000)
  eden space 31232K, 0% used [0x00000007ac800000,0x00000007ac800000,0x00000007ae680000)
  from space 512K, 31% used [0x00000007aeb80000,0x00000007aeba8000,0x00000007aec00000)
  to   space 1024K, 0% used [0x00000007aea00000,0x00000007aea00000,0x00000007aeb00000)
 ParOldGen       total 171008K, used 6813K [0x0000000705800000, 0x000000070ff00000, 0x00000007ac800000)
  object space 171008K, 3% used [0x0000000705800000,0x0000000705ea7448,0x000000070ff00000)
 PSPermGen       total 21504K, used 13980K [0x0000000700600000, 0x0000000701b00000, 0x0000000705800000)
  object space 21504K, 65% used [0x0000000700600000,0x00000007013a7300,0x0000000701b00000)
}
Event: 586.738 GC heap before
{Heap before GC invocations=75 (full 0):
 PSYoungGen      total 31744K, used 31392K [0x00000007ac800000, 0x00000007aec00000, 0x0000000800000000)
  eden space 31232K, 100% used [0x00000007ac800000,0x00000007ae680000,0x00000007ae680000)
  from space 512K, 31% used [0x00000007aeb80000,0x00000007aeba8000,0x00000007aec00000)
  to   space 1024K, 0% used [0x00000007aea00000,0x00000007aea00000,0x00000007aeb00000)
 ParOldGen       total 171008K, used 6813K [0x0000000705800000, 0x000000070ff00000, 0x00000007ac800000)
  object space 171008K, 3% used [0x0000000705800000,0x0000000705ea7448,0x000000070ff00000)
 PSPermGen       total 21504K, used 13980K [0x0000000700600000, 0x0000000701b00000, 0x0000000705800000)
  object space 21504K, 65% used [0x0000000700600000,0x00000007013a7320,0x0000000701b00000)
Event: 586.740 GC heap after
Heap after GC invocations=75 (full 0):
 PSYoungGen      total 32256K, used 160K [0x00000007ac800000, 0x00000007aec00000, 0x0000000800000000)
  eden space 31232K, 0% used [0x00000007ac800000,0x00000007ac800000,0x00000007ae680000)
  from space 1024K, 15% used [0x00000007aea00000,0x00000007aea28000,0x00000007aeb00000)
  to   space 1024K, 0% used [0x00000007aeb00000,0x00000007aeb00000,0x00000007aec00000)
 ParOldGen       total 171008K, used 6845K [0x0000000705800000, 0x000000070ff00000, 0x00000007ac800000)
  object space 171008K, 4% used [0x0000000705800000,0x0000000705eaf448,0x000000070ff00000)
 PSPermGen       total 21504K, used 13980K [0x0000000700600000, 0x0000000701b00000, 0x0000000705800000)
  object space 21504K, 65% used [0x0000000700600000,0x00000007013a7320,0x0000000701b00000)
}
Event: 592.050 GC heap before
{Heap before GC invocations=76 (full 0):
 PSYoungGen      total 32256K, used 31392K [0x00000007ac800000, 0x00000007aec00000, 0x0000000800000000)
  eden space 31232K, 100% used [0x00000007ac800000,0x00000007ae680000,0x00000007ae680000)
  from space 1024K, 15% used [0x00000007aea00000,0x00000007aea28000,0x00000007aeb00000)
  to   space 1024K, 0% used [0x00000007aeb00000,0x00000007aeb00000,0x00000007aec00000)
 ParOldGen       total 171008K, used 6845K [0x0000000705800000, 0x000000070ff00000, 0x00000007ac800000)
  object space 171008K, 4% used [0x0000000705800000,0x0000000705eaf448,0x000000070ff00000)
 PSPermGen       total 21504K, used 13981K [0x0000000700600000, 0x0000000701b00000, 0x0000000705800000)
  object space 21504K, 65% used [0x0000000700600000,0x00000007013a7790,0x0000000701b00000)
Event: 592.053 GC heap after
Heap after GC invocations=76 (full 0):
 PSYoungGen      total 31744K, used 128K [0x00000007ac800000, 0x00000007aeb80000, 0x0000000800000000)
  eden space 31232K, 0% used [0x00000007ac800000,0x00000007ac800000,0x00000007ae680000)
  from space 512K, 25% used [0x00000007aeb00000,0x00000007aeb20000,0x00000007aeb80000)
  to   space 1024K, 0% used [0x00000007ae980000,0x00000007ae980000,0x00000007aea80000)
 ParOldGen       total 171008K, used 6901K [0x0000000705800000, 0x000000070ff00000, 0x00000007ac800000)
  object space 171008K, 4% used [0x0000000705800000,0x0000000705ebd468,0x000000070ff00000)
 PSPermGen       total 21504K, used 13981K [0x0000000700600000, 0x0000000701b00000, 0x0000000705800000)
  object space 21504K, 65% used [0x0000000700600000,0x00000007013a7790,0x0000000701b00000)
}
Event: 597.359 GC heap before
{Heap before GC invocations=77 (full 0):
 PSYoungGen      total 31744K, used 31360K [0x00000007ac800000, 0x00000007aeb80000, 0x0000000800000000)
  eden space 31232K, 100% used [0x00000007ac800000,0x00000007ae680000,0x00000007ae680000)
  from space 512K, 25% used [0x00000007aeb00000,0x00000007aeb20000,0x00000007aeb80000)
  to   space 1024K, 0% used [0x00000007ae980000,0x00000007ae980000,0x00000007aea80000)
 ParOldGen       total 171008K, used 6901K [0x0000000705800000, 0x000000070ff00000, 0x00000007ac800000)
  object space 171008K, 4% used [0x0000000705800000,0x0000000705ebd468,0x000000070ff00000)
 PSPermGen       total 21504K, used 13983K [0x0000000700600000, 0x0000000701b00000, 0x0000000705800000)
  object space 21504K, 65% used [0x0000000700600000,0x00000007013a7e38,0x0000000701b00000)
Event: 597.360 GC heap after
Heap after GC invocations=77 (full 0):
 PSYoungGen      total 32256K, used 128K [0x00000007ac800000, 0x00000007aeb80000, 0x0000000800000000)
  eden space 31232K, 0% used [0x00000007ac800000,0x00000007ac800000,0x00000007ae680000)
  from space 1024K, 12% used [0x00000007ae980000,0x00000007ae9a0000,0x00000007aea80000)
  to   space 1024K, 0% used [0x00000007aea80000,0x00000007aea80000,0x00000007aeb80000)
 ParOldGen       total 171008K, used 6933K [0x0000000705800000, 0x000000070ff00000, 0x00000007ac800000)
  object space 171008K, 4% used [0x0000000705800000,0x0000000705ec5468,0x000000070ff00000)
 PSPermGen       total 21504K, used 13983K [0x0000000700600000, 0x0000000701b00000, 0x0000000705800000)
  object space 21504K, 65% used [0x0000000700600000,0x00000007013a7e38,0x0000000701b00000)
}
Event: 602.615 GC heap before
{Heap before GC invocations=78 (full 0):
 PSYoungGen      total 32256K, used 31360K [0x00000007ac800000, 0x00000007aeb80000, 0x0000000800000000)
  eden space 31232K, 100% used [0x00000007ac800000,0x00000007ae680000,0x00000007ae680000)
  from space 1024K, 12% used [0x00000007ae980000,0x00000007ae9a0000,0x00000007aea80000)
  to   space 1024K, 0% used [0x00000007aea80000,0x00000007aea80000,0x00000007aeb80000)
 ParOldGen       total 171008K, used 6933K [0x0000000705800000, 0x000000070ff00000, 0x00000007ac800000)
  object space 171008K, 4% used [0x0000000705800000,0x0000000705ec5468,0x000000070ff00000)
 PSPermGen       total 21504K, used 13984K [0x0000000700600000, 0x0000000701b00000, 0x0000000705800000)
  object space 21504K, 65% used [0x0000000700600000,0x00000007013a82c0,0x0000000701b00000)
Event: 602.617 GC heap after
Heap after GC invocations=78 (full 0):
 PSYoungGen      total 31744K, used 192K [0x00000007ac800000, 0x00000007aeb00000, 0x0000000800000000)
  eden space 31232K, 0% used [0x00000007ac800000,0x00000007ac800000,0x00000007ae680000)
  from space 512K, 37% used [0x00000007aea80000,0x00000007aeab0000,0x00000007aeb00000)
  to   space 512K, 0% used [0x00000007aea00000,0x00000007aea00000,0x00000007aea80000)
 ParOldGen       total 171008K, used 6973K [0x0000000705800000, 0x000000070ff00000, 0x00000007ac800000)
  object space 171008K, 4% used [0x0000000705800000,0x0000000705ecf468,0x000000070ff00000)
 PSPermGen       total 21504K, used 13984K [0x0000000700600000, 0x0000000701b00000, 0x0000000705800000)
  object space 21504K, 65% used [0x0000000700600000,0x00000007013a82c0,0x0000000701b00000)
}

